{
  "RSpec": {
    "coverage": {
      "/home/victor/Documents/Aptana Studio 3 Workspace/blog/app/helpers/application_helper.rb": [
        1,
        null
      ],
      "/home/victor/Documents/Aptana Studio 3 Workspace/blog/app/controllers/home_controller.rb": [
        null,
        1,
        1,
        null,
        1,
        null
      ],
      "/home/victor/Documents/Aptana Studio 3 Workspace/blog/app/controllers/application_controller.rb": [
        1,
        1,
        null
      ],
      "/home/victor/Documents/Aptana Studio 3 Workspace/blog/app/models/comment.rb": [
        null,
        1,
        1,
        1,
        1,
        null
      ],
      "/home/victor/Documents/Aptana Studio 3 Workspace/blog/app/models/application_record.rb": [
        1,
        1,
        null
      ],
      "/home/victor/Documents/Aptana Studio 3 Workspace/blog/app/models/user.rb": [
        null,
        1,
        1,
        1,
        null,
        null,
        1,
        null,
        null,
        null,
        null,
        1,
        1,
        1,
        1,
        null,
        null,
        1,
        null,
        null,
        1,
        null
      ],
      "/home/victor/Documents/Aptana Studio 3 Workspace/blog/app/models/mark.rb": [
        null,
        1,
        1,
        1,
        1,
        1,
        null
      ],
      "/home/victor/Documents/Aptana Studio 3 Workspace/blog/app/models/post.rb": [
        null,
        1,
        1,
        1,
        1,
        1,
        1,
        1,
        1,
        null,
        null,
        1,
        null,
        1,
        null,
        null,
        null,
        null,
        null
      ],
      "/home/victor/Documents/Aptana Studio 3 Workspace/blog/app/models/seo.rb": [
        null,
        1,
        1,
        1,
        1,
        null
      ],
      "/home/victor/Documents/Aptana Studio 3 Workspace/blog/app/jobs/application_job.rb": [
        0,
        0
      ],
      "/home/victor/Documents/Aptana Studio 3 Workspace/blog/app/channels/application_cable/channel.rb": [
        0,
        0,
        0,
        0
      ],
      "/home/victor/Documents/Aptana Studio 3 Workspace/blog/app/channels/application_cable/connection.rb": [
        0,
        0,
        0,
        0
      ],
      "/home/victor/Documents/Aptana Studio 3 Workspace/blog/app/mailers/application_mailer.rb": [
        0,
        0,
        0,
        0
      ],
      "/home/victor/Documents/Aptana Studio 3 Workspace/blog/lib/data_faker/blog_data_faker.rb": [
        0,
        null,
        0,
        0,
        0,
        0,
        0,
        0,
        0,
        0,
        0,
        0,
        0,
        0,
        null,
        0,
        0,
        0,
        0,
        0,
        0,
        0,
        0,
        0,
        0,
        0,
        null,
        0,
        0,
        0,
        null,
        0,
        0,
        0,
        null,
        0,
        0,
        0,
        null,
        0,
        0,
        0,
        null,
        0,
        0,
        0,
        null,
        0,
        0,
        0,
        null,
        0,
        0,
        0,
        0,
        null,
        0,
        0,
        0,
        null,
        0,
        0,
        0,
        0,
        0,
        0,
        null,
        0,
        0,
        0,
        null,
        0,
        0,
        0,
        null,
        0,
        0,
        0,
        null,
        0,
        0,
        0,
        null,
        0,
        0,
        0,
        null,
        0,
        0,
        0,
        0,
        0,
        0,
        0,
        0,
        null,
        0,
        0,
        0,
        null,
        0,
        0,
        0,
        0,
        null,
        0,
        0,
        0,
        null,
        0,
        0,
        0,
        null,
        0,
        0,
        0,
        0,
        0,
        0,
        0,
        0
      ]
    },
    "timestamp": 1516646100
  }
}
